slurmstepd: error: TMPDIR [/mnt/tmp] is not writeable
slurmstepd: error: Setting TMPDIR to /tmp

R version 4.5.1 (2025-06-13) -- "Great Square Root"
Copyright (C) 2025 The R Foundation for Statistical Computing
Platform: x86_64-pc-linux-gnu

R is free software and comes with ABSOLUTELY NO WARRANTY.
You are welcome to redistribute it under certain conditions.
Type 'license()' or 'licence()' for distribution details.

  Natural language support but running in an English locale

R is a collaborative project with many contributors.
Type 'contributors()' for more information and
'citation()' on how to cite R or R packages in publications.

Type 'demo()' for some demos, 'help()' for on-line help, or
'help.start()' for an HTML browser interface to help.
Type 'q()' to quit R.

> #!/usr/bin/env Rscript
> # Example script for FastHer
> # Load FastHer
> 
> setwd("..")
> source("R/fasther.R")
Python is available. Checking packages...
Checking scipy ... OK
Checking numpy ... OK
All dependencies are available!
> 
> # Example usage
> example_analysis <- function() {
+     cat("Running FastHer example...\n")
+     
+     # Replace with your actual file paths
+     result <- FastHer(
+         path.in = "data/",
+         file.Z = "ukb_200k_chr22_Z_BPIFC",
+         file.POS = "ukb_200k_chr22_SNPorder_BPIFC", 
+         file.LD = "ukb_200k_chr22_LD_BPIFC",
+         path.out = "Results/",
+         results_file = "results_BPIFC.txt"
+     )
+     
+     cat("\n=== FastHer Results ===\n")
+ #   print(result)
+     
+     return(result)
+ }
> 
> # Run example if called directly
> if (sys.nframe() == 0) {
+     example_analysis()
+ }
Running FastHer example...
Optimization converged successfully in 8 iterations.

=== FastHer Results ===
   initial_h2  initial_se    m rankU      FH_h2     FH_se     FH_d      FH_sed
h2 0.02334868 0.001340979 1032   951 0.02355058 0.0014569 1.001212 0.003420417
   convergence iterations hard_settings time_sec
h2           0          8         FALSE 1.356756
> 
